[01m[K/home/evilguti/Documentos/GitHub/cam_video_example_ws/cam_video_example/src/cam_video_example/src/camera_publisher.cpp:8:1:[m[K [01;31m[Kerror: [m[Kâ€˜[01m[Kcont[m[Kâ€™ does not name a type
    8 | [01;31m[Kcont[m[K int FRAMES_PER_SECOND = 60;
      | [01;31m[K^~~~[m[K
[01m[K/home/evilguti/Documentos/GitHub/cam_video_example_ws/cam_video_example/src/cam_video_example/src/camera_publisher.cpp:[m[K In constructor â€˜[01m[KCameraPublisher::CameraPublisher()[m[Kâ€™:
[01m[K/home/evilguti/Documentos/GitHub/cam_video_example_ws/cam_video_example/src/cam_video_example/src/camera_publisher.cpp:16:68:[m[K [01;31m[Kerror: [m[Kâ€˜[01m[KFRAMES_PER_SECOND[m[Kâ€™ was not declared in this scope
   16 |  timer_ = this->create_wall_timer(std::chrono::milliseconds([01;31m[KFRAMES_PER_SECOND[m[K), std::bind(&CameraPublisher::timerCallback, this));
      |                                                             [01;31m[K^~~~~~~~~~~~~~~~~[m[K

gmake[2]: *** [CMakeFiles/camera_publisher.dir/build.make:76: CMakeFiles/camera_publisher.dir/src/camera_publisher.cpp.o] Error 1
gmake[1]: *** [CMakeFiles/Makefile2:137: CMakeFiles/camera_publisher.dir/all] Error 2
gmake: *** [Makefile:146: all] Error 2
